[0208/071716.915:INFO:CONSOLE(0)] "Error with Permissions-Policy header: Unrecognized feature: 'ambient-light-sensor'.", source:  (0)
[0208/071716.916:INFO:CONSOLE(0)] "Error with Permissions-Policy header: Unrecognized feature: 'bluetooth'.", source:  (0)
[0208/071716.916:INFO:CONSOLE(0)] "Error with Permissions-Policy header: Unrecognized feature: 'gamepad'.", source:  (0)
[0208/071716.916:INFO:CONSOLE(0)] "Error with Permissions-Policy header: Unrecognized feature: 'local-fonts'.", source:  (0)
[0208/071716.916:INFO:CONSOLE(0)] "Error with Permissions-Policy header: Unrecognized feature: 'window-management'.", source:  (0)
[0208/071815.318:ERROR:cache_util_win.cc(20)] Unable to move the cache: Access is denied. (0x5)
[0208/071815.318:ERROR:cache_util.cc(146)] Unable to move cache folder C:\Users\sahil\OneDrive\Desktop\tr.ai\.wwebjs_auth\session\Default\GPUCache to C:\Users\sahil\OneDrive\Desktop\tr.ai\.wwebjs_auth\session\Default\old_GPUCache_000
[0208/071815.318:ERROR:disk_cache.cc(192)] Unable to create cache
[0208/071815.318:ERROR:shader_disk_cache.cc(612)] Shader Cache Creation failed: -2
[0208/071817.345:ERROR:cache_util_win.cc(20)] Unable to move the cache: Access is denied. (0x5)
[0208/071817.345:ERROR:cache_util.cc(146)] Unable to move cache folder C:\Users\sahil\OneDrive\Desktop\tr.ai\.wwebjs_auth\session\Default\Cache\Cache_Data to C:\Users\sahil\OneDrive\Desktop\tr.ai\.wwebjs_auth\session\Default\Cache\old_Cache_Data_000
[0208/071817.345:ERROR:disk_cache.cc(192)] Unable to create cache
[0208/071817.867:INFO:CONSOLE(0)] "Error with Permissions-Policy header: Unrecognized feature: 'ambient-light-sensor'.", source:  (0)
[0208/071817.867:INFO:CONSOLE(0)] "Error with Permissions-Policy header: Unrecognized feature: 'bluetooth'.", source:  (0)
[0208/071817.867:INFO:CONSOLE(0)] "Error with Permissions-Policy header: Unrecognized feature: 'gamepad'.", source:  (0)
[0208/071817.867:INFO:CONSOLE(0)] "Error with Permissions-Policy header: Unrecognized feature: 'local-fonts'.", source:  (0)
[0208/071817.867:INFO:CONSOLE(0)] "Error with Permissions-Policy header: Unrecognized feature: 'window-management'.", source:  (0)
[0208/071818.341:ERROR:service_worker_storage.cc(1904)] Failed to delete the database: Database IO error
[0208/071825.784:ERROR:quota_database.cc(823)] Could not open the quota database, resetting.
[0208/071828.691:ERROR:quota_database.cc(825)] Failed to reset the quota database.
[0208/071830.706:ERROR:sandbox_origin_database.cc(190)] SandboxOriginDatabase failed at: Init@storage/browser/file_system/sandbox_origin_database.cc:94 with error: IO error: C:\Users\sahil\OneDrive\Desktop\tr.ai\.wwebjs_auth\session\Default\File System\Origins/LOCK: File currently in use. (ChromeMethodBFE: 15::LockFile::2)
[0208/071830.706:WARNING:sandbox_origin_database.cc(106)] Attempting to repair SandboxOriginDatabase.
[0208/071834.730:WARNING:sandbox_origin_database.cc(140)] Failed to repair SandboxOriginDatabase.
[0208/071836.756:ERROR:sandbox_origin_database.cc(190)] SandboxOriginDatabase failed at: Init@storage/browser/file_system/sandbox_origin_database.cc:94 with error: IO error: C:\Users\sahil\OneDrive\Desktop\tr.ai\.wwebjs_auth\session\Default\File System\Origins/LOCK: File currently in use. (ChromeMethodBFE: 15::LockFile::2)
[0208/071836.757:WARNING:sandbox_origin_database.cc(106)] Attempting to repair SandboxOriginDatabase.
[0208/071840.781:WARNING:sandbox_origin_database.cc(140)] Failed to repair SandboxOriginDatabase.
[0208/071841.260:ERROR:cache_util_win.cc(20)] Unable to move the cache: Access is denied. (0x5)
[0208/071841.260:ERROR:cache_util.cc(146)] Unable to move cache folder C:\Users\sahil\OneDrive\Desktop\tr.ai\.wwebjs_auth\session\Default\GPUCache to C:\Users\sahil\OneDrive\Desktop\tr.ai\.wwebjs_auth\session\Default\old_GPUCache_000
[0208/071841.260:ERROR:disk_cache.cc(192)] Unable to create cache
[0208/071841.260:ERROR:shader_disk_cache.cc(612)] Shader Cache Creation failed: -2
[0208/072015.310:ERROR:cache_util_win.cc(20)] Unable to move the cache: Access is denied. (0x5)
[0208/072015.310:ERROR:cache_util.cc(146)] Unable to move cache folder C:\Users\sahil\OneDrive\Desktop\tr.ai\.wwebjs_auth\session\Default\GPUCache to C:\Users\sahil\OneDrive\Desktop\tr.ai\.wwebjs_auth\session\Default\old_GPUCache_000
[0208/072015.311:ERROR:disk_cache.cc(192)] Unable to create cache
[0208/072015.311:ERROR:shader_disk_cache.cc(612)] Shader Cache Creation failed: -2
[0208/072017.338:ERROR:cache_util_win.cc(20)] Unable to move the cache: Access is denied. (0x5)
[0208/072017.338:ERROR:cache_util.cc(146)] Unable to move cache folder C:\Users\sahil\OneDrive\Desktop\tr.ai\.wwebjs_auth\session\Default\Cache\Cache_Data to C:\Users\sahil\OneDrive\Desktop\tr.ai\.wwebjs_auth\session\Default\Cache\old_Cache_Data_000
[0208/072017.338:ERROR:disk_cache.cc(192)] Unable to create cache
[0208/072017.919:INFO:CONSOLE(0)] "Error with Permissions-Policy header: Unrecognized feature: 'ambient-light-sensor'.", source:  (0)
[0208/072017.919:INFO:CONSOLE(0)] "Error with Permissions-Policy header: Unrecognized feature: 'bluetooth'.", source:  (0)
[0208/072017.919:INFO:CONSOLE(0)] "Error with Permissions-Policy header: Unrecognized feature: 'gamepad'.", source:  (0)
[0208/072017.919:INFO:CONSOLE(0)] "Error with Permissions-Policy header: Unrecognized feature: 'local-fonts'.", source:  (0)
[0208/072017.919:INFO:CONSOLE(0)] "Error with Permissions-Policy header: Unrecognized feature: 'window-management'.", source:  (0)
[0208/072018.341:ERROR:service_worker_storage.cc(1904)] Failed to delete the database: Database IO error
[0208/072025.829:ERROR:quota_database.cc(823)] Could not open the quota database, resetting.
[0208/072028.759:ERROR:quota_database.cc(825)] Failed to reset the quota database.
[0208/072030.775:ERROR:sandbox_origin_database.cc(190)] SandboxOriginDatabase failed at: Init@storage/browser/file_system/sandbox_origin_database.cc:94 with error: IO error: C:\Users\sahil\OneDrive\Desktop\tr.ai\.wwebjs_auth\session\Default\File System\Origins/LOCK: File currently in use. (ChromeMethodBFE: 15::LockFile::2)
[0208/072030.775:WARNING:sandbox_origin_database.cc(106)] Attempting to repair SandboxOriginDatabase.
[0208/072034.816:WARNING:sandbox_origin_database.cc(140)] Failed to repair SandboxOriginDatabase.
[0208/072036.745:ERROR:sandbox_origin_database.cc(190)] SandboxOriginDatabase failed at: Init@storage/browser/file_system/sandbox_origin_database.cc:94 with error: IO error: C:\Users\sahil\OneDrive\Desktop\tr.ai\.wwebjs_auth\session\Default\File System\Origins/LOCK: File currently in use. (ChromeMethodBFE: 15::LockFile::2)
[0208/072036.745:WARNING:sandbox_origin_database.cc(106)] Attempting to repair SandboxOriginDatabase.
[0208/072037.283:INFO:CONSOLE(0)] "Error with Permissions-Policy header: Unrecognized feature: 'ambient-light-sensor'.", source:  (0)
[0208/072037.283:INFO:CONSOLE(0)] "Error with Permissions-Policy header: Unrecognized feature: 'bluetooth'.", source:  (0)
[0208/072037.283:INFO:CONSOLE(0)] "Error with Permissions-Policy header: Unrecognized feature: 'gamepad'.", source:  (0)
[0208/072037.283:INFO:CONSOLE(0)] "Error with Permissions-Policy header: Unrecognized feature: 'local-fonts'.", source:  (0)
[0208/072037.283:INFO:CONSOLE(0)] "Error with Permissions-Policy header: Unrecognized feature: 'window-management'.", source:  (0)
[0208/072037.768:ERROR:sandbox_origin_database.cc(190)] SandboxOriginDatabase failed at: Init@storage/browser/file_system/sandbox_origin_database.cc:94 with error: IO error: C:\Users\sahil\OneDrive\Desktop\tr.ai\.wwebjs_auth\session\Default\File System\Origins/LOCK: File currently in use. (ChromeMethodBFE: 15::LockFile::2)
[0208/072037.768:WARNING:sandbox_origin_database.cc(140)] Failed to repair SandboxOriginDatabase.
[0208/072038.779:ERROR:sandbox_origin_database.cc(190)] SandboxOriginDatabase failed at: Init@storage/browser/file_system/sandbox_origin_database.cc:94 with error: IO error: C:\Users\sahil\OneDrive\Desktop\tr.ai\.wwebjs_auth\session\Default\File System\Origins/LOCK: File currently in use. (ChromeMethodBFE: 15::LockFile::2)
[0208/072041.448:ERROR:cache_util_win.cc(20)] Unable to move the cache: Access is denied. (0x5)
[0208/072041.448:ERROR:cache_util.cc(146)] Unable to move cache folder C:\Users\sahil\OneDrive\Desktop\tr.ai\.wwebjs_auth\session\Default\GPUCache to C:\Users\sahil\OneDrive\Desktop\tr.ai\.wwebjs_auth\session\Default\old_GPUCache_000
[0208/072041.448:ERROR:disk_cache.cc(192)] Unable to create cache
[0208/072041.448:ERROR:shader_disk_cache.cc(612)] Shader Cache Creation failed: -2
[0208/072135.813:ERROR:cache_util_win.cc(20)] Unable to move the cache: Access is denied. (0x5)
[0208/072135.813:ERROR:cache_util.cc(146)] Unable to move cache folder C:\Users\sahil\OneDrive\Desktop\tr.ai\.wwebjs_auth\session\Default\GPUCache to C:\Users\sahil\OneDrive\Desktop\tr.ai\.wwebjs_auth\session\Default\old_GPUCache_000
[0208/072135.813:ERROR:disk_cache.cc(192)] Unable to create cache
[0208/072135.813:ERROR:shader_disk_cache.cc(612)] Shader Cache Creation failed: -2
[0208/072137.839:ERROR:cache_util_win.cc(20)] Unable to move the cache: Access is denied. (0x5)
[0208/072137.839:ERROR:cache_util.cc(146)] Unable to move cache folder C:\Users\sahil\OneDrive\Desktop\tr.ai\.wwebjs_auth\session\Default\Cache\Cache_Data to C:\Users\sahil\OneDrive\Desktop\tr.ai\.wwebjs_auth\session\Default\Cache\old_Cache_Data_000
[0208/072137.839:ERROR:disk_cache.cc(192)] Unable to create cache
[0208/072138.520:INFO:CONSOLE(0)] "Error with Permissions-Policy header: Unrecognized feature: 'ambient-light-sensor'.", source:  (0)
[0208/072138.520:INFO:CONSOLE(0)] "Error with Permissions-Policy header: Unrecognized feature: 'bluetooth'.", source:  (0)
[0208/072138.520:INFO:CONSOLE(0)] "Error with Permissions-Policy header: Unrecognized feature: 'gamepad'.", source:  (0)
[0208/072138.520:INFO:CONSOLE(0)] "Error with Permissions-Policy header: Unrecognized feature: 'local-fonts'.", source:  (0)
[0208/072138.520:INFO:CONSOLE(0)] "Error with Permissions-Policy header: Unrecognized feature: 'window-management'.", source:  (0)
[0208/072138.837:ERROR:service_worker_storage.cc(1904)] Failed to delete the database: Database IO error
[0208/072146.627:ERROR:quota_database.cc(823)] Could not open the quota database, resetting.
[0208/072149.550:ERROR:quota_database.cc(825)] Failed to reset the quota database.
[0208/072151.566:ERROR:sandbox_origin_database.cc(190)] SandboxOriginDatabase failed at: Init@storage/browser/file_system/sandbox_origin_database.cc:94 with error: IO error: C:\Users\sahil\OneDrive\Desktop\tr.ai\.wwebjs_auth\session\Default\File System\Origins/LOCK: File currently in use. (ChromeMethodBFE: 15::LockFile::2)
[0208/072151.566:WARNING:sandbox_origin_database.cc(106)] Attempting to repair SandboxOriginDatabase.
[0208/072155.598:WARNING:sandbox_origin_database.cc(140)] Failed to repair SandboxOriginDatabase.
[0208/072157.614:ERROR:sandbox_origin_database.cc(190)] SandboxOriginDatabase failed at: Init@storage/browser/file_system/sandbox_origin_database.cc:94 with error: IO error: C:\Users\sahil\OneDrive\Desktop\tr.ai\.wwebjs_auth\session\Default\File System\Origins/LOCK: File currently in use. (ChromeMethodBFE: 15::LockFile::2)
[0208/072157.614:WARNING:sandbox_origin_database.cc(106)] Attempting to repair SandboxOriginDatabase.
[0208/072201.642:WARNING:sandbox_origin_database.cc(140)] Failed to repair SandboxOriginDatabase.
[0208/072202.175:ERROR:cache_util_win.cc(20)] Unable to move the cache: Access is denied. (0x5)
[0208/072202.175:ERROR:cache_util.cc(146)] Unable to move cache folder C:\Users\sahil\OneDrive\Desktop\tr.ai\.wwebjs_auth\session\Default\GPUCache to C:\Users\sahil\OneDrive\Desktop\tr.ai\.wwebjs_auth\session\Default\old_GPUCache_000
[0208/072202.175:ERROR:disk_cache.cc(192)] Unable to create cache
[0208/072202.175:ERROR:shader_disk_cache.cc(612)] Shader Cache Creation failed: -2
[0208/072215.356:ERROR:cache_util_win.cc(20)] Unable to move the cache: Access is denied. (0x5)
[0208/072215.356:ERROR:cache_util.cc(146)] Unable to move cache folder C:\Users\sahil\OneDrive\Desktop\tr.ai\.wwebjs_auth\session\Default\GPUCache to C:\Users\sahil\OneDrive\Desktop\tr.ai\.wwebjs_auth\session\Default\old_GPUCache_000
[0208/072215.356:ERROR:disk_cache.cc(192)] Unable to create cache
[0208/072215.356:ERROR:shader_disk_cache.cc(612)] Shader Cache Creation failed: -2
[0208/072217.384:ERROR:cache_util_win.cc(20)] Unable to move the cache: Access is denied. (0x5)
[0208/072217.384:ERROR:cache_util.cc(146)] Unable to move cache folder C:\Users\sahil\OneDrive\Desktop\tr.ai\.wwebjs_auth\session\Default\Cache\Cache_Data to C:\Users\sahil\OneDrive\Desktop\tr.ai\.wwebjs_auth\session\Default\Cache\old_Cache_Data_000
[0208/072217.384:ERROR:disk_cache.cc(192)] Unable to create cache
[0208/072217.923:INFO:CONSOLE(0)] "Error with Permissions-Policy header: Unrecognized feature: 'ambient-light-sensor'.", source:  (0)
[0208/072217.923:INFO:CONSOLE(0)] "Error with Permissions-Policy header: Unrecognized feature: 'bluetooth'.", source:  (0)
[0208/072217.923:INFO:CONSOLE(0)] "Error with Permissions-Policy header: Unrecognized feature: 'gamepad'.", source:  (0)
[0208/072217.923:INFO:CONSOLE(0)] "Error with Permissions-Policy header: Unrecognized feature: 'local-fonts'.", source:  (0)
[0208/072217.923:INFO:CONSOLE(0)] "Error with Permissions-Policy header: Unrecognized feature: 'window-management'.", source:  (0)
[0208/072218.389:ERROR:service_worker_storage.cc(1904)] Failed to delete the database: Database IO error
[0208/072225.873:ERROR:quota_database.cc(823)] Could not open the quota database, resetting.
[0208/072228.806:ERROR:quota_database.cc(825)] Failed to reset the quota database.
